2010-10-24 01:34:08 Notice: Notice (1024): Please change the value of 'Security.salt' in app/config/core.php to a salt value specific to your application in [/Users/squid890/Sites/cake/cake/libs/debugger.php, line 684]
2010-10-24 01:34:09 Notice: Notice (1024): Please change the value of 'Security.cipherSeed' in app/config/core.php to a numeric (digits only) seed value specific to your application in [/Users/squid890/Sites/cake/cake/libs/debugger.php, line 688]
2010-10-25 01:57:16 Notice: Notice (1024): Please change the value of 'Security.salt' in app/config/core.php to a salt value specific to your application in [/Users/squid890/Sites/schedulr/cake/libs/debugger.php, line 684]
2010-10-25 01:57:16 Notice: Notice (1024): Please change the value of 'Security.cipherSeed' in app/config/core.php to a numeric (digits only) seed value specific to your application in [/Users/squid890/Sites/schedulr/cake/libs/debugger.php, line 688]
2010-10-25 06:15:41 Notice: Notice (1024): Please change the value of 'Security.salt' in app/config/core.php to a salt value specific to your application in [/Users/squid890/Sites/schedulr/cake/libs/debugger.php, line 684]
2010-10-25 06:15:41 Notice: Notice (1024): Please change the value of 'Security.cipherSeed' in app/config/core.php to a numeric (digits only) seed value specific to your application in [/Users/squid890/Sites/schedulr/cake/libs/debugger.php, line 688]
2010-10-25 06:16:16 Notice: Notice (1024): Please change the value of 'Security.salt' in app/config/core.php to a salt value specific to your application in [/Users/squid890/Sites/schedulr/cake/libs/debugger.php, line 684]
2010-10-25 06:16:16 Notice: Notice (1024): Please change the value of 'Security.cipherSeed' in app/config/core.php to a numeric (digits only) seed value specific to your application in [/Users/squid890/Sites/schedulr/cake/libs/debugger.php, line 688]
2010-10-25 06:19:59 Notice: Notice (1024): Please change the value of 'Security.salt' in app/config/core.php to a salt value specific to your application in [/Users/squid890/Sites/schedulr/cake/libs/debugger.php, line 684]
2010-10-25 06:19:59 Notice: Notice (1024): Please change the value of 'Security.cipherSeed' in app/config/core.php to a numeric (digits only) seed value specific to your application in [/Users/squid890/Sites/schedulr/cake/libs/debugger.php, line 688]
2010-10-25 06:26:37 Notice: Notice (1024): Please change the value of 'Security.salt' in app/config/core.php to a salt value specific to your application in [/Users/squid890/Sites/schedulr/cake/libs/debugger.php, line 684]
2010-10-25 06:26:37 Notice: Notice (1024): Please change the value of 'Security.cipherSeed' in app/config/core.php to a numeric (digits only) seed value specific to your application in [/Users/squid890/Sites/schedulr/cake/libs/debugger.php, line 688]
2010-10-28 03:05:04 Notice: Notice (8): Undefined variable: i in [/Users/squid890/Sites/schedulr/app/views/schedules/add.ctp, line 21]
2010-10-28 03:05:04 Notice: Notice (8): Undefined variable: i in [/Users/squid890/Sites/schedulr/app/views/schedules/add.ctp, line 22]
2010-10-28 03:05:04 Notice: Notice (8): Undefined variable: i in [/Users/squid890/Sites/schedulr/app/views/schedules/add.ctp, line 23]
2010-10-28 03:05:04 Notice: Notice (8): Undefined variable: i in [/Users/squid890/Sites/schedulr/app/views/schedules/add.ctp, line 24]
2010-10-28 03:05:04 Notice: Notice (8): Undefined variable: i in [/Users/squid890/Sites/schedulr/app/views/schedules/add.ctp, line 25]
2010-10-28 03:05:04 Notice: Notice (8): Undefined variable: i in [/Users/squid890/Sites/schedulr/app/views/schedules/add.ctp, line 26]
2010-10-28 03:05:04 Notice: Notice (8): Undefined variable: i in [/Users/squid890/Sites/schedulr/app/views/schedules/add.ctp, line 27]
2010-10-28 03:05:04 Notice: Notice (8): Undefined variable: i in [/Users/squid890/Sites/schedulr/app/views/schedules/add.ctp, line 28]
2010-10-28 03:05:04 Notice: Notice (8): Undefined variable: i in [/Users/squid890/Sites/schedulr/app/views/schedules/add.ctp, line 29]
2010-10-28 03:05:04 Notice: Notice (8): Undefined variable: i in [/Users/squid890/Sites/schedulr/app/views/schedules/add.ctp, line 30]
2010-10-28 03:05:04 Notice: Notice (8): Undefined variable: i in [/Users/squid890/Sites/schedulr/app/views/schedules/add.ctp, line 31]
2010-10-28 03:06:02 Notice: Notice (8): Undefined variable: i in [/Users/squid890/Sites/schedulr/app/views/schedules/add.ctp, line 21]
2010-10-28 03:06:02 Notice: Notice (8): Undefined variable: i in [/Users/squid890/Sites/schedulr/app/views/schedules/add.ctp, line 22]
2010-10-28 03:06:03 Notice: Notice (8): Undefined variable: i in [/Users/squid890/Sites/schedulr/app/views/schedules/add.ctp, line 21]
2010-10-28 03:06:03 Notice: Notice (8): Undefined variable: i in [/Users/squid890/Sites/schedulr/app/views/schedules/add.ctp, line 22]
2010-11-04 07:47:25 Notice: Notice (8): Undefined property: SchedulesController::$RequestHandler in [/Users/squid890/Sites/schedulr/app/controllers/schedules_controller.php, line 26]
2010-11-04 07:48:12 Notice: Notice (8): Undefined property: SchedulesController::$RequestHandler in [/Users/squid890/Sites/schedulr/app/controllers/schedules_controller.php, line 27]
2010-11-04 07:48:13 Notice: Notice (8): Undefined property: SchedulesController::$RequestHandler in [/Users/squid890/Sites/schedulr/app/controllers/schedules_controller.php, line 27]
2010-11-04 07:48:38 Notice: Notice (8): Undefined property: View::$response in [/Users/squid890/Sites/schedulr/app/views/schedules/save.ctp, line 1]
2010-11-04 07:48:47 Notice: Notice (8): Undefined variable: response in [/Users/squid890/Sites/schedulr/app/views/schedules/save.ctp, line 1]
2010-11-04 07:49:19 Notice: Notice (8): Undefined variable: response in [/Users/squid890/Sites/schedulr/app/views/schedules/save.ctp, line 1]
2010-11-04 07:49:20 Notice: Notice (8): Undefined variable: response in [/Users/squid890/Sites/schedulr/app/views/schedules/save.ctp, line 1]
2010-11-04 07:49:20 Notice: Notice (8): Undefined variable: response in [/Users/squid890/Sites/schedulr/app/views/schedules/save.ctp, line 1]
2010-11-04 07:49:30 Notice: Notice (8): Undefined variable: response in [/Users/squid890/Sites/schedulr/app/views/schedules/save.ctp, line 1]
2010-11-04 07:49:31 Notice: Notice (8): Undefined variable: response in [/Users/squid890/Sites/schedulr/app/views/schedules/save.ctp, line 1]
2010-11-04 07:49:32 Notice: Notice (8): Undefined variable: response in [/Users/squid890/Sites/schedulr/app/views/schedules/save.ctp, line 1]
2010-11-04 07:50:20 Notice: Notice (8): Undefined variable: test in [/Users/squid890/Sites/schedulr/app/views/schedules/add.ctp, line 1]
2010-11-04 07:52:16 Notice: Notice (8): Undefined variable: response in [/Users/squid890/Sites/schedulr/app/views/schedules/save.ctp, line 1]
2010-11-04 07:52:17 Notice: Notice (8): Undefined variable: response in [/Users/squid890/Sites/schedulr/app/views/schedules/save.ctp, line 1]
2010-11-04 07:53:38 Notice: Notice (8): Undefined variable: variable56 in [/Users/squid890/Sites/schedulr/app/views/schedules/save.ctp, line 1]
2010-11-04 07:56:48 Notice: Notice (8): Undefined variable: test in [/Users/squid890/Sites/schedulr/app/views/schedules/add.ctp, line 1]
2010-11-04 07:56:50 Notice: Notice (8): Undefined variable: test in [/Users/squid890/Sites/schedulr/app/views/schedules/add.ctp, line 1]
2010-11-04 08:04:28 Notice: Notice (8): Undefined variable: obj in [/Users/squid890/Sites/schedulr/app/views/schedules/save.ctp, line 1]
2010-11-04 08:05:16 Notice: Notice (8): Undefined variable: obj in [/Users/squid890/Sites/schedulr/app/views/schedules/save.ctp, line 1]
2010-11-04 08:37:26 Notice: Notice (8): Trying to get property of non-object in [/Users/squid890/Sites/schedulr/app/controllers/schedules_controller.php, line 40]
2010-11-04 08:37:33 Notice: Notice (8): Trying to get property of non-object in [/Users/squid890/Sites/schedulr/app/controllers/schedules_controller.php, line 40]
2010-11-04 08:37:52 Notice: Notice (8): Undefined variable: name in [/Users/squid890/Sites/schedulr/app/controllers/schedules_controller.php, line 41]
2010-11-04 09:02:58 Notice: Notice (8): Trying to get property of non-object in [/Users/squid890/Sites/schedulr/app/controllers/schedules_controller.php, line 49]
2010-11-04 09:33:09 Notice: Notice (8): Undefined property: SchedulesController::$myDayString in [/Users/squid890/Sites/schedulr/app/controllers/schedules_controller.php, line 40]
2010-11-04 09:36:05 Notice: Notice (8): Undefined property: SchedulesController::$myDayString in [/Users/squid890/Sites/schedulr/app/controllers/schedules_controller.php, line 40]
2010-11-04 09:37:00 Notice: Notice (8): Undefined property: SchedulesController::$myDayString in [/Users/squid890/Sites/schedulr/app/controllers/schedules_controller.php, line 41]
2010-11-04 09:49:30 Notice: Notice (8): Undefined variable: schedule_model in [/Users/squid890/Sites/schedulr/app/controllers/schedules_controller.php, line 34]
2010-11-04 09:50:07 Notice: Notice (8): Undefined variable: schedule_model in [/Users/squid890/Sites/schedulr/app/controllers/schedules_controller.php, line 34]
2010-11-04 10:04:32 Notice: Notice (8): Use of undefined constant time - assumed 'time' in [/Users/squid890/Sites/schedulr/app/controllers/schedules_controller.php, line 32]
2010-11-04 10:06:22 Notice: Notice (8): Undefined index: classes in [/Users/squid890/Sites/schedulr/app/controllers/schedules_controller.php, line 37]
2010-11-04 10:06:41 Notice: Notice (8): Undefined index: classes in [/Users/squid890/Sites/schedulr/app/controllers/schedules_controller.php, line 37]
2010-11-04 10:22:32 Notice: Notice (8): Undefined index: classes in [/Users/squid890/Sites/schedulr/app/controllers/schedules_controller.php, line 34]
2010-11-04 10:22:46 Notice: Notice (8): Undefined index: classes in [/Users/squid890/Sites/schedulr/app/controllers/schedules_controller.php, line 34]
2010-11-04 10:23:49 Notice: Notice (8): Undefined index: classes in [/Users/squid890/Sites/schedulr/app/controllers/schedules_controller.php, line 34]
2010-11-04 10:36:09 Notice: Notice (8): Undefined index: classes in [/Users/squid890/Sites/schedulr/app/controllers/schedules_controller.php, line 34]
2010-11-04 10:36:10 Notice: Notice (8): Undefined index: classes in [/Users/squid890/Sites/schedulr/app/controllers/schedules_controller.php, line 34]
2010-11-04 10:47:40 Notice: Notice (8): Undefined property: SchedulesController::$schedule in [/Users/squid890/Sites/schedulr/app/controllers/schedules_controller.php, line 55]
2010-11-04 11:05:53 Notice: Notice (8): Undefined variable: classes in [/Users/squid890/Sites/schedulr/app/controllers/schedules_controller.php, line 56]
2010-11-04 11:11:50 Notice: Notice (8): Undefined index: day_string in [/Users/squid890/Sites/schedulr/app/controllers/schedules_controller.php, line 58]
2010-11-04 11:33:37 Notice: Notice (8): Undefined variable: startMinutes in [/Users/squid890/Sites/schedulr/app/controllers/schedules_controller.php, line 99]
2010-11-04 11:33:37 Notice: Notice (8): Undefined variable: endMinutes in [/Users/squid890/Sites/schedulr/app/controllers/schedules_controller.php, line 99]
2010-11-04 11:33:37 Notice: Notice (8): Undefined variable: startMinutes in [/Users/squid890/Sites/schedulr/app/controllers/schedules_controller.php, line 101]
2010-11-04 11:33:37 Notice: Notice (8): Use of undefined constant time - assumed 'time' in [/Users/squid890/Sites/schedulr/app/controllers/schedules_controller.php, line 112]
2010-11-04 11:33:53 Notice: Notice (8): Use of undefined constant time - assumed 'time' in [/Users/squid890/Sites/schedulr/app/controllers/schedules_controller.php, line 112]
2010-11-04 12:31:46 Notice: Notice (8): Undefined index: title in [/Users/squid890/Sites/schedulr/app/controllers/schedules_controller.php, line 34]
2010-11-04 12:31:47 Notice: Notice (8): Undefined variable: uid in [/Users/squid890/Sites/schedulr/app/controllers/schedules_controller.php, line 56]
2010-11-04 12:42:49 Notice: Notice (8): Undefined index: title in [/Users/squid890/Sites/schedulr/app/controllers/schedules_controller.php, line 34]
2010-11-04 12:42:49 Notice: Notice (8): Undefined variable: uid in [/Users/squid890/Sites/schedulr/app/controllers/schedules_controller.php, line 56]
2010-11-04 12:45:02 Notice: Notice (8): Undefined index: title in [/Users/squid890/Sites/schedulr/app/controllers/schedules_controller.php, line 34]
2010-11-04 12:45:02 Notice: Notice (8): Undefined variable: uid in [/Users/squid890/Sites/schedulr/app/controllers/schedules_controller.php, line 56]
2010-11-04 12:45:20 Notice: Notice (8): Undefined index: title in [/Users/squid890/Sites/schedulr/app/controllers/schedules_controller.php, line 34]
2010-11-04 13:01:30 Notice: Notice (8): Undefined variable: startHour in [/Users/squid890/Sites/schedulr/app/controllers/schedules_controller.php, line 109]
2010-11-04 21:17:16 Notice: Notice (8): Undefined variable: uid in [/Users/squid890/Sites/schedulr/app/controllers/schedules_controller.php, line 58]
2010-11-04 21:22:39 Notice: Notice (8): Undefined variable: message in [/Users/squid890/Sites/schedulr/cake/libs/error.php, line 140]
2010-11-04 21:23:50 Notice: Notice (8): Undefined variable: title in [/Users/squid890/Sites/schedulr/app/views/schedules/saved.ctp, line 30]
2010-11-07 02:19:24 Debug: Notice (8): Undefined index: color in [E:\Users\squid890\Sites\schedulr\app\controllers\schedules_controller.php, line 125]
2010-11-07 02:43:25 Debug: Notice (8): Undefined variable: code in [E:\Users\squid890\Sites\schedulr\app\views\schedules\saved.ctp, line 39]
2010-11-07 03:15:24 Debug: Notice (8): Undefined variable: TIME_DELTA in [E:\Users\squid890\Sites\schedulr\app\views\schedules\add.ctp, line 173]
2010-11-07 03:15:24 Debug: Notice (8): Undefined variable: TIME_DELTA in [E:\Users\squid890\Sites\schedulr\app\views\schedules\add.ctp, line 187]
2010-11-07 03:15:24 Debug: Notice (8): Undefined variable: MINUTE_HEIGHT in [E:\Users\squid890\Sites\schedulr\app\views\schedules\add.ctp, line 188]
2010-11-07 03:15:24 Debug: Notice (8): Undefined variable: MINUTE_HEIGHT in [E:\Users\squid890\Sites\schedulr\app\views\schedules\add.ctp, line 190]
2010-11-07 03:15:24 Debug: Notice (8): Undefined variable: TOP_DELTA in [E:\Users\squid890\Sites\schedulr\app\views\schedules\add.ctp, line 190]
2010-11-07 03:15:24 Debug: Notice (8): Undefined variable: day in [E:\Users\squid890\Sites\schedulr\app\views\schedules\add.ctp, line 196]
2010-11-07 03:17:34 Debug: Notice (8): Undefined variable: day in [E:\Users\squid890\Sites\schedulr\app\views\schedules\add.ctp, line 199]
2010-11-07 03:44:31 Debug: Notice (8): Undefined variable: course_id in [E:\Users\squid890\Sites\schedulr\app\views\schedules\add.ctp, line 258]
2010-11-07 03:44:31 Debug: Notice (8): Undefined variable: color_index in [E:\Users\squid890\Sites\schedulr\app\views\schedules\add.ctp, line 259]
2010-11-07 03:44:42 Debug: Notice (8): Undefined variable: course_id in [E:\Users\squid890\Sites\schedulr\app\views\schedules\add.ctp, line 258]
2010-11-07 03:44:42 Debug: Notice (8): Undefined variable: color_index in [E:\Users\squid890\Sites\schedulr\app\views\schedules\add.ctp, line 259]
2010-11-07 03:46:44 Debug: Notice (8): Undefined variable: course_id in [E:\Users\squid890\Sites\schedulr\app\views\schedules\add.ctp, line 258]
2010-11-07 03:46:44 Debug: Notice (8): Undefined variable: color_index in [E:\Users\squid890\Sites\schedulr\app\views\schedules\add.ctp, line 259]
2010-11-07 03:47:03 Debug: Notice (8): Undefined variable: course_id in [E:\Users\squid890\Sites\schedulr\app\views\schedules\add.ctp, line 258]
2010-11-07 03:47:03 Debug: Notice (8): Undefined variable: color_index in [E:\Users\squid890\Sites\schedulr\app\views\schedules\add.ctp, line 259]
2010-11-07 03:47:16 Debug: Notice (8): Undefined variable: course_id in [E:\Users\squid890\Sites\schedulr\app\views\schedules\add.ctp, line 259]
2010-11-07 03:47:16 Debug: Notice (8): Undefined variable: color_index in [E:\Users\squid890\Sites\schedulr\app\views\schedules\add.ctp, line 260]
2010-11-07 03:48:27 Debug: Notice (8): Undefined variable: course_id in [E:\Users\squid890\Sites\schedulr\app\views\schedules\add.ctp, line 258]
2010-11-07 03:48:27 Debug: Notice (8): Undefined variable: color_index in [E:\Users\squid890\Sites\schedulr\app\views\schedules\add.ctp, line 259]
2010-11-07 03:49:09 Debug: Notice (8): Undefined variable: course_id in [E:\Users\squid890\Sites\schedulr\app\views\schedules\add.ctp, line 258]
2010-11-07 03:49:09 Debug: Notice (8): Undefined variable: color_index in [E:\Users\squid890\Sites\schedulr\app\views\schedules\add.ctp, line 259]
2010-11-07 03:49:30 Debug: Notice (8): Undefined variable: course_id in [E:\Users\squid890\Sites\schedulr\app\views\schedules\add.ctp, line 258]
2010-11-07 03:49:30 Debug: Notice (8): Undefined variable: color_index in [E:\Users\squid890\Sites\schedulr\app\views\schedules\add.ctp, line 259]
2010-11-07 03:49:38 Debug: Notice (8): Undefined variable: course_id in [E:\Users\squid890\Sites\schedulr\app\views\schedules\add.ctp, line 258]
2010-11-07 03:49:38 Debug: Notice (8): Undefined variable: color_index in [E:\Users\squid890\Sites\schedulr\app\views\schedules\add.ctp, line 259]
2010-11-07 03:51:58 Debug: Notice (8): Undefined variable: course_id in [E:\Users\squid890\Sites\schedulr\app\views\schedules\add.ctp, line 258]
2010-11-07 03:51:58 Debug: Notice (8): Undefined variable: color_index in [E:\Users\squid890\Sites\schedulr\app\views\schedules\add.ctp, line 259]
2010-11-07 03:52:05 Debug: Notice (8): Undefined variable: course_id in [E:\Users\squid890\Sites\schedulr\app\views\schedules\add.ctp, line 258]
2010-11-07 03:52:05 Debug: Notice (8): Undefined variable: color_index in [E:\Users\squid890\Sites\schedulr\app\views\schedules\add.ctp, line 259]
2010-11-07 03:52:44 Debug: Notice (8): Undefined variable: course_id in [E:\Users\squid890\Sites\schedulr\app\views\schedules\add.ctp, line 258]
2010-11-07 03:52:44 Debug: Notice (8): Undefined variable: color_index in [E:\Users\squid890\Sites\schedulr\app\views\schedules\add.ctp, line 259]
2010-11-07 03:52:50 Debug: Notice (8): Undefined variable: course_id in [E:\Users\squid890\Sites\schedulr\app\views\schedules\add.ctp, line 258]
2010-11-07 03:52:50 Debug: Notice (8): Undefined variable: color_index in [E:\Users\squid890\Sites\schedulr\app\views\schedules\add.ctp, line 259]
2010-11-07 03:53:09 Debug: Notice (8): Undefined variable: course_id in [E:\Users\squid890\Sites\schedulr\app\views\schedules\add.ctp, line 258]
2010-11-07 03:53:09 Debug: Notice (8): Undefined variable: color_index in [E:\Users\squid890\Sites\schedulr\app\views\schedules\add.ctp, line 259]
2010-11-07 04:14:52 Debug: Notice (8): Undefined variable: total_credits in [E:\Users\squid890\Sites\schedulr\app\views\schedules\saved.ctp, line 30]
2010-11-07 04:15:21 Debug: Notice (8): Undefined variable: total_credits in [E:\Users\squid890\Sites\schedulr\app\views\schedules\saved.ctp, line 30]
2010-11-07 04:15:22 Debug: Notice (8): Undefined variable: total_credits in [E:\Users\squid890\Sites\schedulr\app\views\schedules\saved.ctp, line 30]
