2010-10-25 06:18:30 Warning: Warning (512): <span style="color:Red;text-align:left"><b>SQL Error:</b> 1066: Not unique table/alias: 'Schedule'</span> in [/Users/squid890/Sites/schedulr/cake/libs/model/datasources/dbo_source.php, line 681]
2010-10-25 06:18:30 Warning: Warning (2): Invalid argument supplied for foreach() in [/Users/squid890/Sites/schedulr/cake/libs/view/scaffolds/index.ctp, line 31]
2010-10-25 06:19:13 Warning: Warning (512): <span style="color:Red;text-align:left"><b>SQL Error:</b> 1054: Unknown column 'Schedule.id' in 'field list'</span> in [/Users/squid890/Sites/schedulr/cake/libs/model/datasources/dbo_source.php, line 681]
2010-10-25 06:19:13 Warning: Warning (2): Invalid argument supplied for foreach() in [/Users/squid890/Sites/schedulr/cake/libs/view/scaffolds/index.ctp, line 31]
2010-11-01 11:14:46 Warning: Warning (2): mysql_connect() [http://php.net/function.mysql-connect]: [2002] No such file or directory (trying to connect via unix:///tmp/mysql.sock) in [/Users/squid890/Sites/schedulr/cake/libs/model/datasources/dbo/dbo_mysql.php, line 552]
2010-11-01 11:14:46 Warning: Warning (2): mysql_connect() [http://php.net/function.mysql-connect]: No such file or directory in [/Users/squid890/Sites/schedulr/cake/libs/model/datasources/dbo/dbo_mysql.php, line 552]
2010-11-01 11:14:46 Warning: Warning (2): mysql_select_db() expects parameter 2 to be resource, boolean given in [/Users/squid890/Sites/schedulr/cake/libs/model/datasources/dbo/dbo_mysql.php, line 558]
2010-11-01 11:14:46 Warning: Warning (2): mysql_get_server_info() expects parameter 1 to be resource, boolean given in [/Users/squid890/Sites/schedulr/cake/libs/model/datasources/dbo/dbo_mysql.php, line 566]
2010-11-01 11:14:46 Warning: Warning (2): mysql_query() expects parameter 2 to be resource, boolean given in [/Users/squid890/Sites/schedulr/cake/libs/model/datasources/dbo/dbo_mysql.php, line 600]
2010-11-01 11:14:46 Warning: Warning (2): Cannot modify header information - headers already sent by (output started at /Users/squid890/Sites/schedulr/cake/libs/debugger.php:673) in [/Users/squid890/Sites/schedulr/cake/libs/controller/controller.php, line 746]
2010-11-01 11:14:56 Warning: Warning (2): mysql_connect() [http://php.net/function.mysql-connect]: [2002] No such file or directory (trying to connect via unix:///tmp/mysql.sock) in [/Users/squid890/Sites/schedulr/cake/libs/model/datasources/dbo/dbo_mysql.php, line 552]
2010-11-01 11:14:56 Warning: Warning (2): mysql_connect() [http://php.net/function.mysql-connect]: No such file or directory in [/Users/squid890/Sites/schedulr/cake/libs/model/datasources/dbo/dbo_mysql.php, line 552]
2010-11-01 11:14:56 Warning: Warning (2): mysql_select_db() expects parameter 2 to be resource, boolean given in [/Users/squid890/Sites/schedulr/cake/libs/model/datasources/dbo/dbo_mysql.php, line 558]
2010-11-01 11:14:56 Warning: Warning (2): mysql_get_server_info() expects parameter 1 to be resource, boolean given in [/Users/squid890/Sites/schedulr/cake/libs/model/datasources/dbo/dbo_mysql.php, line 566]
2010-11-01 11:14:56 Warning: Warning (2): mysql_query() expects parameter 2 to be resource, boolean given in [/Users/squid890/Sites/schedulr/cake/libs/model/datasources/dbo/dbo_mysql.php, line 600]
2010-11-01 11:14:56 Warning: Warning (2): Cannot modify header information - headers already sent by (output started at /Users/squid890/Sites/schedulr/cake/libs/debugger.php:673) in [/Users/squid890/Sites/schedulr/cake/libs/controller/controller.php, line 746]
2010-11-01 11:15:00 Warning: Warning (2): mysql_connect() [http://php.net/function.mysql-connect]: [2002] No such file or directory (trying to connect via unix:///tmp/mysql.sock) in [/Users/squid890/Sites/schedulr/cake/libs/model/datasources/dbo/dbo_mysql.php, line 552]
2010-11-01 11:15:00 Warning: Warning (2): mysql_connect() [http://php.net/function.mysql-connect]: No such file or directory in [/Users/squid890/Sites/schedulr/cake/libs/model/datasources/dbo/dbo_mysql.php, line 552]
2010-11-01 11:15:00 Warning: Warning (2): mysql_select_db() expects parameter 2 to be resource, boolean given in [/Users/squid890/Sites/schedulr/cake/libs/model/datasources/dbo/dbo_mysql.php, line 558]
2010-11-01 11:15:00 Warning: Warning (2): mysql_get_server_info() expects parameter 1 to be resource, boolean given in [/Users/squid890/Sites/schedulr/cake/libs/model/datasources/dbo/dbo_mysql.php, line 566]
2010-11-01 11:15:00 Warning: Warning (2): mysql_query() expects parameter 2 to be resource, boolean given in [/Users/squid890/Sites/schedulr/cake/libs/model/datasources/dbo/dbo_mysql.php, line 600]
2010-11-01 11:15:00 Warning: Warning (2): Cannot modify header information - headers already sent by (output started at /Users/squid890/Sites/schedulr/cake/libs/debugger.php:673) in [/Users/squid890/Sites/schedulr/cake/libs/controller/controller.php, line 746]
2010-11-03 05:06:50 Warning: Warning (2): mysql_connect() [http://php.net/function.mysql-connect]: [2002] No such file or directory (trying to connect via unix:///tmp/mysql.sock) in [/Users/squid890/Sites/schedulr/cake/libs/model/datasources/dbo/dbo_mysql.php, line 552]
2010-11-03 05:06:50 Warning: Warning (2): mysql_connect() [http://php.net/function.mysql-connect]: No such file or directory in [/Users/squid890/Sites/schedulr/cake/libs/model/datasources/dbo/dbo_mysql.php, line 552]
2010-11-03 05:06:50 Warning: Warning (2): mysql_select_db() expects parameter 2 to be resource, boolean given in [/Users/squid890/Sites/schedulr/cake/libs/model/datasources/dbo/dbo_mysql.php, line 558]
2010-11-03 05:06:50 Warning: Warning (2): mysql_get_server_info() expects parameter 1 to be resource, boolean given in [/Users/squid890/Sites/schedulr/cake/libs/model/datasources/dbo/dbo_mysql.php, line 566]
2010-11-03 05:06:50 Warning: Warning (2): mysql_query() expects parameter 2 to be resource, boolean given in [/Users/squid890/Sites/schedulr/cake/libs/model/datasources/dbo/dbo_mysql.php, line 600]
2010-11-03 05:06:51 Warning: Warning (2): Cannot modify header information - headers already sent by (output started at /Users/squid890/Sites/schedulr/cake/libs/debugger.php:673) in [/Users/squid890/Sites/schedulr/cake/libs/controller/controller.php, line 746]
2010-11-04 08:04:28 Warning: Warning (2): json_decode() expects parameter 1 to be string, array given in [/Users/squid890/Sites/schedulr/app/controllers/schedules_controller.php, line 30]
2010-11-04 08:34:02 Warning: Warning (2): Invalid argument supplied for foreach() in [/Users/squid890/Sites/schedulr/app/controllers/schedules_controller.php, line 40]
2010-11-04 08:35:05 Warning: Warning (2): Invalid argument supplied for foreach() in [/Users/squid890/Sites/schedulr/app/controllers/schedules_controller.php, line 41]
2010-11-04 08:36:32 Warning: Warning (2): Invalid argument supplied for foreach() in [/Users/squid890/Sites/schedulr/app/controllers/schedules_controller.php, line 41]
2010-11-04 08:37:26 Warning: Warning (2): Invalid argument supplied for foreach() in [/Users/squid890/Sites/schedulr/app/controllers/schedules_controller.php, line 40]
2010-11-04 08:37:33 Warning: Warning (2): Invalid argument supplied for foreach() in [/Users/squid890/Sites/schedulr/app/controllers/schedules_controller.php, line 40]
2010-11-04 08:50:52 Warning: Warning (2): mysql_connect() [http://php.net/function.mysql-connect]: [2002] No such file or directory (trying to connect via unix:///tmp/mysql.sock) in [/Users/squid890/Sites/schedulr/cake/libs/model/datasources/dbo/dbo_mysql.php, line 552]
2010-11-04 08:50:52 Warning: Warning (2): mysql_connect() [http://php.net/function.mysql-connect]: No such file or directory in [/Users/squid890/Sites/schedulr/cake/libs/model/datasources/dbo/dbo_mysql.php, line 552]
2010-11-04 08:50:52 Warning: Warning (2): mysql_select_db() expects parameter 2 to be resource, boolean given in [/Users/squid890/Sites/schedulr/cake/libs/model/datasources/dbo/dbo_mysql.php, line 558]
2010-11-04 08:50:52 Warning: Warning (2): mysql_get_server_info() expects parameter 1 to be resource, boolean given in [/Users/squid890/Sites/schedulr/cake/libs/model/datasources/dbo/dbo_mysql.php, line 566]
2010-11-04 08:50:52 Warning: Warning (2): mysql_query() expects parameter 2 to be resource, boolean given in [/Users/squid890/Sites/schedulr/cake/libs/model/datasources/dbo/dbo_mysql.php, line 600]
2010-11-04 08:50:52 Warning: Warning (2): Cannot modify header information - headers already sent by (output started at /Users/squid890/Sites/schedulr/cake/libs/debugger.php:673) in [/Users/squid890/Sites/schedulr/cake/libs/controller/controller.php, line 746]
2010-11-04 08:54:39 Warning: Warning (2): array_merge() [http://php.net/function.array-merge]: Argument #2 is not an array in [/Users/squid890/Sites/schedulr/cake/libs/model/model.php, line 1581]
2010-11-04 08:58:01 Warning: Warning (2): array_merge() [http://php.net/function.array-merge]: Argument #2 is not an array in [/Users/squid890/Sites/schedulr/cake/libs/model/model.php, line 1581]
2010-11-04 08:58:22 Warning: Warning (2): array_merge() [http://php.net/function.array-merge]: Argument #2 is not an array in [/Users/squid890/Sites/schedulr/cake/libs/model/model.php, line 1581]
2010-11-04 09:00:04 Warning: Warning (2): array_merge() [http://php.net/function.array-merge]: Argument #2 is not an array in [/Users/squid890/Sites/schedulr/cake/libs/model/model.php, line 1581]
2010-11-04 09:49:30 Warning: Warning (2): base_convert() [http://php.net/function.base-convert]: Invalid `to base' (62) in [/Users/squid890/Sites/schedulr/app/controllers/schedules_controller.php, line 32]
2010-11-04 09:50:07 Warning: Warning (2): base_convert() [http://php.net/function.base-convert]: Invalid `to base' (62) in [/Users/squid890/Sites/schedulr/app/controllers/schedules_controller.php, line 32]
2010-11-04 09:50:24 Warning: Warning (2): base_convert() [http://php.net/function.base-convert]: Invalid `to base' (62) in [/Users/squid890/Sites/schedulr/app/controllers/schedules_controller.php, line 32]
2010-11-04 09:50:31 Warning: Warning (2): base_convert() [http://php.net/function.base-convert]: Invalid `to base' (62) in [/Users/squid890/Sites/schedulr/app/controllers/schedules_controller.php, line 32]
2010-11-04 09:51:02 Warning: Warning (2): base_convert() [http://php.net/function.base-convert]: Invalid `to base' (62) in [/Users/squid890/Sites/schedulr/app/controllers/schedules_controller.php, line 32]
2010-11-04 10:06:22 Warning: Warning (2): md5() expects at most 2 parameters, 3 given in [/Users/squid890/Sites/schedulr/app/controllers/schedules_controller.php, line 32]
2010-11-04 10:06:22 Warning: Warning (2): substr() expects at least 2 parameters, 1 given in [/Users/squid890/Sites/schedulr/app/controllers/schedules_controller.php, line 32]
2010-11-04 10:06:22 Warning: Warning (2): Invalid argument supplied for foreach() in [/Users/squid890/Sites/schedulr/app/controllers/schedules_controller.php, line 37]
2010-11-04 10:06:41 Warning: Warning (2): Invalid argument supplied for foreach() in [/Users/squid890/Sites/schedulr/app/controllers/schedules_controller.php, line 37]
2010-11-04 10:12:06 Warning: Warning (2): trim() expects parameter 1 to be string, array given in [/Users/squid890/Sites/schedulr/app/controllers/schedules_controller.php, line 35]
2010-11-04 10:14:00 Warning: Warning (2): preg_match() expects parameter 2 to be string, array given in [/Users/squid890/Sites/schedulr/cake/libs/model/datasources/dbo_source.php, line 2001]
2010-11-04 10:14:00 Warning: Warning (2): preg_match() expects parameter 2 to be string, array given in [/Users/squid890/Sites/schedulr/cake/libs/model/datasources/dbo_source.php, line 2003]
2010-11-04 10:14:00 Warning: Warning (2): strpos() expects parameter 1 to be string, array given in [/Users/squid890/Sites/schedulr/cake/libs/model/datasources/dbo_source.php, line 2006]
2010-11-04 10:14:01 Warning: Warning (2): trim() expects parameter 1 to be string, array given in [/Users/squid890/Sites/schedulr/cake/libs/model/datasources/dbo_source.php, line 2008]
2010-11-04 10:14:01 Warning: Warning (512): <span style="color:Red;text-align:left"><b>SQL Error:</b> 1064: You have an error in your SQL syntax; check the manual that corresponds to your MySQL server version for the right syntax to use near ' `Schedule`.`id` FROM `schedules` AS `Schedule`   WHERE cound    LIMIT 1' at line 1</span> in [/Users/squid890/Sites/schedulr/cake/libs/model/datasources/dbo_source.php, line 681]
2010-11-04 10:22:32 Warning: Warning (2): Invalid argument supplied for foreach() in [/Users/squid890/Sites/schedulr/app/controllers/schedules_controller.php, line 34]
2010-11-04 10:22:46 Warning: Warning (2): Invalid argument supplied for foreach() in [/Users/squid890/Sites/schedulr/app/controllers/schedules_controller.php, line 34]
2010-11-04 10:23:49 Warning: Warning (2): Invalid argument supplied for foreach() in [/Users/squid890/Sites/schedulr/app/controllers/schedules_controller.php, line 34]
2010-11-04 10:36:09 Warning: Warning (2): Invalid argument supplied for foreach() in [/Users/squid890/Sites/schedulr/app/controllers/schedules_controller.php, line 34]
2010-11-04 10:36:10 Warning: Warning (2): Invalid argument supplied for foreach() in [/Users/squid890/Sites/schedulr/app/controllers/schedules_controller.php, line 34]
2010-11-04 11:12:28 Warning: Warning (2): Invalid argument supplied for foreach() in [/Users/squid890/Sites/schedulr/app/views/schedules/saved.ctp, line 46]
2010-11-04 11:13:27 Warning: Warning (2): Invalid argument supplied for foreach() in [/Users/squid890/Sites/schedulr/app/views/schedules/saved.ctp, line 46]
2010-11-04 11:13:28 Warning: Warning (2): Invalid argument supplied for foreach() in [/Users/squid890/Sites/schedulr/app/views/schedules/saved.ctp, line 46]
2010-11-04 11:35:38 Warning: Warning (2): Invalid argument supplied for foreach() in [/Users/squid890/Sites/schedulr/app/views/schedules/saved.ctp, line 46]
2010-11-04 11:35:40 Warning: Warning (2): Invalid argument supplied for foreach() in [/Users/squid890/Sites/schedulr/app/views/schedules/saved.ctp, line 46]
2010-11-04 11:35:42 Warning: Warning (2): Invalid argument supplied for foreach() in [/Users/squid890/Sites/schedulr/app/views/schedules/saved.ctp, line 46]
2010-11-04 11:35:43 Warning: Warning (2): Invalid argument supplied for foreach() in [/Users/squid890/Sites/schedulr/app/views/schedules/saved.ctp, line 46]
2010-11-04 11:57:08 Warning: Warning (2): Invalid argument supplied for foreach() in [/Users/squid890/Sites/schedulr/app/controllers/schedules_controller.php, line 57]
2010-11-04 12:31:47 Warning: Warning (2): Missing argument 1 for SchedulesController::saved() in [/Users/squid890/Sites/schedulr/app/controllers/schedules_controller.php, line 55]
2010-11-04 12:31:47 Warning: Warning (2): Invalid argument supplied for foreach() in [/Users/squid890/Sites/schedulr/app/controllers/schedules_controller.php, line 58]
2010-11-04 12:42:49 Warning: Warning (2): Missing argument 1 for SchedulesController::saved() in [/Users/squid890/Sites/schedulr/app/controllers/schedules_controller.php, line 55]
2010-11-04 12:42:49 Warning: Warning (2): Invalid argument supplied for foreach() in [/Users/squid890/Sites/schedulr/app/controllers/schedules_controller.php, line 58]
2010-11-04 12:45:02 Warning: Warning (2): Missing argument 1 for SchedulesController::saved() in [/Users/squid890/Sites/schedulr/app/controllers/schedules_controller.php, line 55]
2010-11-04 12:45:02 Warning: Warning (2): Invalid argument supplied for foreach() in [/Users/squid890/Sites/schedulr/app/controllers/schedules_controller.php, line 58]
2010-11-04 21:17:16 Warning: Warning (2): Missing argument 1 for SchedulesController::saved() in [/Users/squid890/Sites/schedulr/app/controllers/schedules_controller.php, line 56]
2010-11-04 21:17:16 Warning: Warning (2): Invalid argument supplied for foreach() in [/Users/squid890/Sites/schedulr/app/controllers/schedules_controller.php, line 60]
2010-11-06 17:22:52 Warning: Warning (2): mysql_connect() [<a href='http://php.net/function.mysql-connect'>function.mysql-connect</a>]: Can't connect to MySQL server on 'localhost' (10061) in [E:\Users\squid890\Sites\schedulr\cake\libs\model\datasources\dbo\dbo_mysql.php, line 552]
2010-11-06 17:22:52 Warning: Warning (2): mysql_select_db() expects parameter 2 to be resource, boolean given in [E:\Users\squid890\Sites\schedulr\cake\libs\model\datasources\dbo\dbo_mysql.php, line 558]
2010-11-06 17:22:52 Warning: Warning (2): mysql_get_server_info() expects parameter 1 to be resource, boolean given in [E:\Users\squid890\Sites\schedulr\cake\libs\model\datasources\dbo\dbo_mysql.php, line 566]
2010-11-06 17:22:52 Warning: Warning (2): mysql_query() expects parameter 2 to be resource, boolean given in [E:\Users\squid890\Sites\schedulr\cake\libs\model\datasources\dbo\dbo_mysql.php, line 600]
2010-11-06 17:22:52 Warning: Warning (2): Cannot modify header information - headers already sent by (output started at E:\Users\squid890\Sites\schedulr\cake\libs\debugger.php:673) in [E:\Users\squid890\Sites\schedulr\cake\libs\controller\controller.php, line 746]
2010-11-07 04:13:28 Warning: Warning (2): Invalid argument supplied for foreach() in [E:\Users\squid890\Sites\schedulr\app\views\schedules\add.ctp, line 174]
2010-11-07 04:13:34 Warning: Warning (2): Invalid argument supplied for foreach() in [E:\Users\squid890\Sites\schedulr\app\views\schedules\add.ctp, line 174]
2010-11-07 04:13:35 Warning: Warning (2): Invalid argument supplied for foreach() in [E:\Users\squid890\Sites\schedulr\app\views\schedules\add.ctp, line 174]
2010-11-07 04:46:58 Warning: Warning (2): mysql_connect() [<a href='http://php.net/function.mysql-connect'>function.mysql-connect</a>]: Access denied for user 'squid890_sched'@'localhost' (using password: YES) in [E:\Users\squid890\Sites\schedulr\cake\libs\model\datasources\dbo\dbo_mysql.php, line 552]
2010-11-07 04:46:58 Warning: Warning (2): mysql_select_db() expects parameter 2 to be resource, boolean given in [E:\Users\squid890\Sites\schedulr\cake\libs\model\datasources\dbo\dbo_mysql.php, line 558]
2010-11-07 04:46:58 Warning: Warning (2): mysql_get_server_info() expects parameter 1 to be resource, boolean given in [E:\Users\squid890\Sites\schedulr\cake\libs\model\datasources\dbo\dbo_mysql.php, line 566]
2010-11-07 04:46:58 Warning: Warning (2): mysql_query() expects parameter 2 to be resource, boolean given in [E:\Users\squid890\Sites\schedulr\cake\libs\model\datasources\dbo\dbo_mysql.php, line 600]
2010-11-07 04:46:58 Warning: Warning (2): Cannot modify header information - headers already sent by (output started at E:\Users\squid890\Sites\schedulr\cake\libs\debugger.php:673) in [E:\Users\squid890\Sites\schedulr\cake\libs\controller\controller.php, line 746]
2010-11-07 13:46:18 Warning: Warning (2): mysql_connect() [<a href='http://php.net/function.mysql-connect'>function.mysql-connect</a>]: Access denied for user 'squid890_sched'@'localhost' (using password: YES) in [E:\Users\squid890\Sites\schedulr\cake\libs\model\datasources\dbo\dbo_mysql.php, line 552]
2010-11-07 13:46:18 Warning: Warning (2): mysql_select_db() expects parameter 2 to be resource, boolean given in [E:\Users\squid890\Sites\schedulr\cake\libs\model\datasources\dbo\dbo_mysql.php, line 558]
2010-11-07 13:46:18 Warning: Warning (2): mysql_get_server_info() expects parameter 1 to be resource, boolean given in [E:\Users\squid890\Sites\schedulr\cake\libs\model\datasources\dbo\dbo_mysql.php, line 566]
2010-11-07 13:46:18 Warning: Warning (2): mysql_query() expects parameter 2 to be resource, boolean given in [E:\Users\squid890\Sites\schedulr\cake\libs\model\datasources\dbo\dbo_mysql.php, line 600]
2010-11-07 13:46:18 Warning: Warning (2): Cannot modify header information - headers already sent by (output started at E:\Users\squid890\Sites\schedulr\cake\libs\debugger.php:673) in [E:\Users\squid890\Sites\schedulr\cake\libs\controller\controller.php, line 746]
2011-04-05 20:23:14 Error: Fatal Error (256): ConnectionManager::getDataSource - Non-existent data source mongo in [/Users/squid890/Sites/schedulr/cake/libs/model/connection_manager.php, line 102]
2011-04-05 20:24:41 Error: Fatal Error (256): ConnectionManager::getDataSource - Non-existent data source mongo in [/Users/squid890/Sites/schedulr/cake/libs/model/connection_manager.php, line 102]
2011-04-05 20:24:49 Error: Fatal Error (256): ConnectionManager::getDataSource - Non-existent data source mongo in [/Users/squid890/Sites/schedulr/cake/libs/model/connection_manager.php, line 102]
2011-04-05 20:24:50 Error: Fatal Error (256): ConnectionManager::getDataSource - Non-existent data source mongo in [/Users/squid890/Sites/schedulr/cake/libs/model/connection_manager.php, line 102]
2011-04-05 20:25:26 Error: Fatal Error (256): ConnectionManager::getDataSource - Non-existent data source mongo in [/Users/squid890/Sites/schedulr/cake/libs/model/connection_manager.php, line 102]
2011-04-05 20:25:26 Error: Fatal Error (256): ConnectionManager::getDataSource - Non-existent data source mongo in [/Users/squid890/Sites/schedulr/cake/libs/model/connection_manager.php, line 102]
2011-04-05 20:44:14 Warning: Warning (2): Invalid argument supplied for foreach() in [/Users/squid890/Sites/schedulr/app/controllers/schedules_controller.php, line 82]
2011-04-05 20:46:11 Warning: Warning (2): Invalid argument supplied for foreach() in [/Users/squid890/Sites/schedulr/app/controllers/schedules_controller.php, line 82]
2011-04-05 20:46:34 Warning: Warning (2): Invalid argument supplied for foreach() in [/Users/squid890/Sites/schedulr/app/controllers/schedules_controller.php, line 83]
2011-04-05 20:59:44 Warning: Warning (2): MongoDB::command() expects parameter 1 to be an array or object in [/Users/squid890/Sites/schedulr/app/plugins/mongodb/models/datasources/mongodb_source.php, line 964]
2011-04-05 20:59:44 Warning: Warning (2): Invalid argument supplied for foreach() in [/Users/squid890/Sites/schedulr/app/controllers/schedules_controller.php, line 89]
2011-04-05 21:01:06 Warning: Warning (2): MongoDB::command() expects parameter 1 to be an array or object in [/Users/squid890/Sites/schedulr/app/plugins/mongodb/models/datasources/mongodb_source.php, line 964]
2011-04-05 21:01:06 Warning: Warning (2): Invalid argument supplied for foreach() in [/Users/squid890/Sites/schedulr/app/controllers/schedules_controller.php, line 89]
2011-04-05 21:10:40 Warning: Warning (2): MongoDB::command() expects parameter 1 to be an array or object in [/Users/squid890/Sites/schedulr/app/plugins/mongodb/models/datasources/mongodb_source.php, line 964]
2011-04-05 21:10:40 Warning: Warning (2): Invalid argument supplied for foreach() in [/Users/squid890/Sites/schedulr/app/controllers/schedules_controller.php, line 93]
2011-04-05 21:12:37 Warning: Warning (2): Invalid argument supplied for foreach() in [/Users/squid890/Sites/schedulr/app/controllers/schedules_controller.php, line 89]
2011-04-05 21:19:53 Warning: Warning (2): Invalid argument supplied for foreach() in [/Users/squid890/Sites/schedulr/app/views/schedules/add.ctp, line 149]
2011-04-05 21:20:19 Warning: Warning (2): Invalid argument supplied for foreach() in [/Users/squid890/Sites/schedulr/app/views/schedules/add.ctp, line 149]
2011-04-05 21:20:19 Warning: Warning (2): Invalid argument supplied for foreach() in [/Users/squid890/Sites/schedulr/app/views/schedules/add.ctp, line 149]
2011-04-05 21:20:20 Warning: Warning (2): Invalid argument supplied for foreach() in [/Users/squid890/Sites/schedulr/app/views/schedules/add.ctp, line 149]
